{
    "StartingInstances": [
        {
            "InstanceId": "i-000cb4007fcff8a47",
            "CurrentState": {
                "Code": 0,
                "Name": "pending"
            },
            "PreviousState": {
                "Code": 80,
                "Name": "stopped"
            }
        }
    ]
}
{
    "StartingInstances": [
        {
            "InstanceId": "i-04134c8e5eff1686d",
            "CurrentState": {
                "Code": 0,
                "Name": "pending"
            },
            "PreviousState": {
                "Code": 80,
                "Name": "stopped"
            }
        }
    ]
}
{
    "DBInstance": {
        "DBInstanceIdentifier": "vishwa-database",
        "DBInstanceClass": "db.t4g.micro",
        "Engine": "mysql",
        "DBInstanceStatus": "starting",
        "AutomaticRestartTime": "2025-08-05T07:31:42.374000+00:00",
        "MasterUsername": "root",
        "Endpoint": {
            "Address": "vishwa-database.clea0kqwgsnt.ap-south-1.rds.amazonaws.com",
            "Port": 3306,
            "HostedZoneId": "Z2VFMSZA74J7XZ"
        },
        "AllocatedStorage": 20,
        "InstanceCreateTime": "2025-07-17T07:41:17.397000+00:00",
        "PreferredBackupWindow": "19:26-19:56",
        "BackupRetentionPeriod": 1,
        "DBSecurityGroups": [],
        "VpcSecurityGroups": [
            {
                "VpcSecurityGroupId": "sg-0ac9eca98f0dd4548",
                "Status": "active"
            }
        ],
        "DBParameterGroups": [
            {
                "DBParameterGroupName": "default.mysql8.0",
                "ParameterApplyStatus": "in-sync"
            }
        ],
        "AvailabilityZone": "ap-south-1a",
        "DBSubnetGroup": {
            "DBSubnetGroupName": "default-vpc-02ad468c3c544fc38",
            "DBSubnetGroupDescription": "Created from the RDS Management Console",
            "VpcId": "vpc-02ad468c3c544fc38",
            "SubnetGroupStatus": "Complete",
            "Subnets": [
                {
                    "SubnetIdentifier": "subnet-08b32141001925b29",
                    "SubnetAvailabilityZone": {
                        "Name": "ap-south-1b"
                    },
                    "SubnetOutpost": {},
                    "SubnetStatus": "Active"
                },
                {
                    "SubnetIdentifier": "subnet-06e082ba0ec3a32a6",
                    "SubnetAvailabilityZone": {
                        "Name": "ap-south-1c"
                    },
                    "SubnetOutpost": {},
                    "SubnetStatus": "Active"
                },
                {
                    "SubnetIdentifier": "subnet-00c452669a55c4781",
                    "SubnetAvailabilityZone": {
                        "Name": "ap-south-1a"
                    },
                    "SubnetOutpost": {},
                    "SubnetStatus": "Active"
                }
            ]
        },
        "PreferredMaintenanceWindow": "thu:06:28-thu:06:58",
        "PendingModifiedValues": {},
        "LatestRestorableTime": "2025-07-29T07:20:00+00:00",
        "MultiAZ": false,
        "EngineVersion": "8.0.41",
        "AutoMinorVersionUpgrade": true,
        "ReadReplicaDBInstanceIdentifiers": [],
        "LicenseModel": "general-public-license",
        "OptionGroupMemberships": [
            {
                "OptionGroupName": "default:mysql-8-0",
                "Status": "in-sync"
            }
        ],
        "PubliclyAccessible": true,
        "StorageType": "gp2",
        "DbInstancePort": 0,
        "StorageEncrypted": true,
        "KmsKeyId": "arn:aws:kms:ap-south-1:156916773321:key/723fc9bb-7605-47ac-b9ec-5153e1e33284",
        "DbiResourceId": "db-3O2WAM4JFMLPZPQ6NIZC536DWY",
        "CACertificateIdentifier": "rds-ca-rsa2048-g1",
        "DomainMemberships": [],
        "CopyTagsToSnapshot": true,
        "MonitoringInterval": 0,
        "DBInstanceArn": "arn:aws:rds:ap-south-1:156916773321:db:vishwa-database",
        "IAMDatabaseAuthenticationEnabled": false,
        "DatabaseInsightsMode": "standard",
        "PerformanceInsightsEnabled": false,
        "DeletionProtection": false,
        "AssociatedRoles": [],
        "MaxAllocatedStorage": 1000,
        "TagList": [
            {
                "Key": "name",
                "Value": "vishwa"
            }
        ],
        "CustomerOwnedIpEnabled": false,
        "BackupTarget": "region",
        "NetworkType": "IPV4",
        "StorageThroughput": 0,
        "CertificateDetails": {
            "CAIdentifier": "rds-ca-rsa2048-g1",
            "ValidTill": "2026-07-17T07:39:59+00:00"
        },
        "DedicatedLogVolume": false,
        "EngineLifecycleSupport": "open-source-rds-extended-support-disabled"
    }
}
{
    "service": {
        "serviceArn": "arn:aws:ecs:ap-south-1:156916773321:service/ecs-cluster-vishwa/ror-app-service",
        "serviceName": "ror-app-service",
        "clusterArn": "arn:aws:ecs:ap-south-1:156916773321:cluster/ecs-cluster-vishwa",
        "loadBalancers": [],
        "serviceRegistries": [],
        "status": "ACTIVE",
        "desiredCount": 1,
        "runningCount": 0,
        "pendingCount": 0,
        "launchType": "EC2",
        "taskDefinition": "arn:aws:ecs:ap-south-1:156916773321:task-definition/vishwa-task-definition:13",
        "deploymentConfiguration": {
            "deploymentCircuitBreaker": {
                "enable": false,
                "rollback": false
            },
            "maximumPercent": 200,
            "minimumHealthyPercent": 100
        },
        "deployments": [
            {
                "id": "ecs-svc/0219577172917482689",
                "status": "PRIMARY",
                "taskDefinition": "arn:aws:ecs:ap-south-1:156916773321:task-definition/vishwa-task-definition:13",
                "desiredCount": 0,
                "pendingCount": 0,
                "runningCount": 0,
                "failedTasks": 0,
                "createdAt": "2025-07-31T10:25:53.308000+05:30",
                "updatedAt": "2025-07-31T10:25:53.308000+05:30",
                "launchType": "EC2",
                "rolloutState": "IN_PROGRESS",
                "rolloutStateReason": "ECS deployment ecs-svc/0219577172917482689 in progress."
            }
        ],
        "events": [],
        "createdAt": "2025-07-31T10:25:53.308000+05:30",
        "placementConstraints": [],
        "placementStrategy": [],
        "healthCheckGracePeriodSeconds": 0,
        "schedulingStrategy": "REPLICA",
        "deploymentController": {
            "type": "ECS"
        },
        "createdBy": "arn:aws:iam::156916773321:role/aws-reserved/sso.amazonaws.com/ap-south-1/AWSReservedSSO_Admin-Except-UserGroupManagement_84ea0e7a231f65f8",
        "enableECSManagedTags": false,
        "propagateTags": "NONE",
        "enableExecuteCommand": false,
        "availabilityZoneRebalancing": "DISABLED"
    }
}
